<?xml version="1.0" encoding="UTF-8"?>
<!-- Generated by org.testng.reporters.JUnitXMLReporter -->
<testsuite ignored="0" hostname="LAPTOP-6LMMRF07" failures="1" tests="4" name="Test" time="43.588" errors="0" timestamp="2024-08-08T15:41:52 IST">
  <testcase classname="tests.DummyThreeTest" name="testThree" time="4.22">
    <failure type="java.lang.AssertionError" message="expected [true] but found [false]">
      <![CDATA[java.lang.AssertionError: expected [true] but found [false]
at tests.DummyThreeTest.testThree(DummyThreeTest.java:20)
at java.base/java.util.ArrayList.forEach(ArrayList.java:1511)
... Removed 31 stack frames]]>
    </failure>
  </testcase> <!-- testThree -->
  <testcase classname="tests.LoginTest" name="login" time="14.377"/>
  <testcase classname="tests.LoginTest" name="login" time="4.849"/>
  <testcase classname="tests.DummyTwoTest" name="testTwo" time="7.643"/>
</testsuite> <!-- Test -->
